May 01, 2015 3:51:47 PM org.apache.catalina.startup.VersionLoggerListener log
INFO: Server version:        Apache Tomcat/7.0.59
May 01, 2015 3:51:47 PM org.apache.catalina.startup.VersionLoggerListener log
INFO: Server built:          Jan 28 2015 15:51:10 UTC
May 01, 2015 3:51:47 PM org.apache.catalina.startup.VersionLoggerListener log
INFO: Server number:         7.0.59.0
May 01, 2015 3:51:47 PM org.apache.catalina.startup.VersionLoggerListener log
INFO: OS Name:               Windows 7
May 01, 2015 3:51:47 PM org.apache.catalina.startup.VersionLoggerListener log
INFO: OS Version:            6.1
May 01, 2015 3:51:47 PM org.apache.catalina.startup.VersionLoggerListener log
INFO: Architecture:          amd64
May 01, 2015 3:51:47 PM org.apache.catalina.startup.VersionLoggerListener log
INFO: Java Home:             C:\Program Files\Java\jre1.8.0_40
May 01, 2015 3:51:47 PM org.apache.catalina.startup.VersionLoggerListener log
INFO: JVM Version:           1.8.0_40-b26
May 01, 2015 3:51:47 PM org.apache.catalina.startup.VersionLoggerListener log
INFO: JVM Vendor:            Oracle Corporation
May 01, 2015 3:51:47 PM org.apache.catalina.startup.VersionLoggerListener log
INFO: CATALINA_BASE:         C:\javaGAE\Tomcat_7.0
May 01, 2015 3:51:47 PM org.apache.catalina.startup.VersionLoggerListener log
INFO: CATALINA_HOME:         C:\javaGAE\Tomcat_7.0
May 01, 2015 3:51:47 PM org.apache.catalina.startup.VersionLoggerListener log
INFO: Command line argument: -Djava.util.logging.config.file=C:\javaGAE\Tomcat_7.0\conf\logging.properties
May 01, 2015 3:51:47 PM org.apache.catalina.startup.VersionLoggerListener log
INFO: Command line argument: -Djava.util.logging.manager=org.apache.juli.ClassLoaderLogManager
May 01, 2015 3:51:47 PM org.apache.catalina.startup.VersionLoggerListener log
INFO: Command line argument: -Djava.endorsed.dirs=C:\javaGAE\Tomcat_7.0\endorsed
May 01, 2015 3:51:47 PM org.apache.catalina.startup.VersionLoggerListener log
INFO: Command line argument: -Dcatalina.base=C:\javaGAE\Tomcat_7.0
May 01, 2015 3:51:47 PM org.apache.catalina.startup.VersionLoggerListener log
INFO: Command line argument: -Dcatalina.home=C:\javaGAE\Tomcat_7.0
May 01, 2015 3:51:47 PM org.apache.catalina.startup.VersionLoggerListener log
INFO: Command line argument: -Djava.io.tmpdir=C:\javaGAE\Tomcat_7.0\temp
May 01, 2015 3:51:47 PM org.apache.catalina.core.AprLifecycleListener lifecycleEvent
INFO: Loaded APR based Apache Tomcat Native library 1.1.32 using APR version 1.5.1.
May 01, 2015 3:51:47 PM org.apache.catalina.core.AprLifecycleListener lifecycleEvent
INFO: APR capabilities: IPv6 [true], sendfile [true], accept filters [false], random [true].
May 01, 2015 3:51:48 PM org.apache.catalina.core.AprLifecycleListener initializeSSL
INFO: OpenSSL successfully initialized (OpenSSL 1.0.1j 15 Oct 2014)
May 01, 2015 3:51:48 PM org.apache.coyote.AbstractProtocol init
INFO: Initializing ProtocolHandler ["http-apr-8080"]
May 01, 2015 3:51:48 PM org.apache.coyote.AbstractProtocol init
INFO: Initializing ProtocolHandler ["ajp-apr-8009"]
May 01, 2015 3:51:48 PM org.apache.catalina.startup.Catalina load
INFO: Initialization processed in 1349 ms
May 01, 2015 3:51:48 PM org.apache.catalina.core.StandardService startInternal
INFO: Starting service Catalina
May 01, 2015 3:51:48 PM org.apache.catalina.core.StandardEngine startInternal
INFO: Starting Servlet Engine: Apache Tomcat/7.0.59
May 01, 2015 3:51:48 PM org.apache.catalina.startup.HostConfig deployWAR
INFO: Deploying web application archive C:\javaGAE\Tomcat_7.0\webapps\waveform.war
May 01, 2015 3:51:52 PM org.apache.catalina.startup.HostConfig deployWAR
INFO: Deployment of web application archive C:\javaGAE\Tomcat_7.0\webapps\waveform.war has finished in 4,190 ms
May 01, 2015 3:51:52 PM org.apache.catalina.startup.HostConfig deployDirectory
INFO: Deploying web application directory C:\javaGAE\Tomcat_7.0\webapps\docs
May 01, 2015 3:51:52 PM org.apache.catalina.startup.HostConfig deployDirectory
INFO: Deployment of web application directory C:\javaGAE\Tomcat_7.0\webapps\docs has finished in 87 ms
May 01, 2015 3:51:52 PM org.apache.catalina.startup.HostConfig deployDirectory
INFO: Deploying web application directory C:\javaGAE\Tomcat_7.0\webapps\examples
May 01, 2015 3:51:53 PM org.apache.catalina.startup.HostConfig deployDirectory
INFO: Deployment of web application directory C:\javaGAE\Tomcat_7.0\webapps\examples has finished in 650 ms
May 01, 2015 3:51:53 PM org.apache.catalina.startup.HostConfig deployDirectory
INFO: Deploying web application directory C:\javaGAE\Tomcat_7.0\webapps\host-manager
May 01, 2015 3:51:53 PM org.apache.catalina.startup.HostConfig deployDirectory
INFO: Deployment of web application directory C:\javaGAE\Tomcat_7.0\webapps\host-manager has finished in 70 ms
May 01, 2015 3:51:53 PM org.apache.catalina.startup.HostConfig deployDirectory
INFO: Deploying web application directory C:\javaGAE\Tomcat_7.0\webapps\manager
May 01, 2015 3:51:53 PM org.apache.catalina.startup.HostConfig deployDirectory
INFO: Deployment of web application directory C:\javaGAE\Tomcat_7.0\webapps\manager has finished in 57 ms
May 01, 2015 3:51:53 PM org.apache.catalina.startup.HostConfig deployDirectory
INFO: Deploying web application directory C:\javaGAE\Tomcat_7.0\webapps\ROOT
May 01, 2015 3:51:53 PM org.apache.catalina.startup.HostConfig deployDirectory
INFO: Deployment of web application directory C:\javaGAE\Tomcat_7.0\webapps\ROOT has finished in 69 ms
May 01, 2015 3:51:53 PM org.apache.coyote.AbstractProtocol start
INFO: Starting ProtocolHandler ["http-apr-8080"]
May 01, 2015 3:51:53 PM org.apache.coyote.AbstractProtocol start
INFO: Starting ProtocolHandler ["ajp-apr-8009"]
May 01, 2015 3:51:53 PM org.apache.catalina.startup.Catalina start
INFO: Server startup in 5228 ms
May 01, 2015 3:52:00 PM org.apache.jasper.compiler.TldLocationsCache tldScanJar
INFO: At least one JAR was scanned for TLDs yet contained no TLDs. Enable debug logging for this logger for a complete list of JARs that were scanned but no TLDs were found in them. Skipping unneeded JARs during scanning can improve startup time and JSP compilation time.
May 01, 2015 3:56:33 PM org.apache.catalina.core.StandardServer await
INFO: A valid shutdown command was received via the shutdown port. Stopping the Server instance.
May 01, 2015 3:56:33 PM org.apache.coyote.AbstractProtocol pause
INFO: Pausing ProtocolHandler ["http-apr-8080"]
May 01, 2015 3:56:33 PM org.apache.coyote.AbstractProtocol pause
INFO: Pausing ProtocolHandler ["ajp-apr-8009"]
May 01, 2015 3:56:33 PM org.apache.catalina.core.StandardService stopInternal
INFO: Stopping service Catalina
May 01, 2015 3:56:33 PM org.apache.catalina.loader.WebappClassLoader clearReferencesJdbc
SEVERE: The web application [/waveform] registered the JDBC driver [com.mysql.jdbc.Driver] but failed to unregister it when the web application was stopped. To prevent a memory leak, the JDBC Driver has been forcibly unregistered.
May 01, 2015 3:56:33 PM org.apache.catalina.loader.WebappClassLoader clearReferencesThreads
SEVERE: The web application [/waveform] appears to have started a thread named [MySQL Statement Cancellation Timer] but has failed to stop it. This is very likely to create a memory leak.
May 01, 2015 3:56:33 PM org.apache.coyote.AbstractProtocol stop
INFO: Stopping ProtocolHandler ["http-apr-8080"]
May 01, 2015 3:56:33 PM org.apache.coyote.AbstractProtocol stop
INFO: Stopping ProtocolHandler ["ajp-apr-8009"]
May 01, 2015 3:56:33 PM org.apache.coyote.AbstractProtocol destroy
INFO: Destroying ProtocolHandler ["http-apr-8080"]
May 01, 2015 3:56:33 PM org.apache.coyote.AbstractProtocol destroy
INFO: Destroying ProtocolHandler ["ajp-apr-8009"]
May 01, 2015 4:00:55 PM org.apache.catalina.startup.VersionLoggerListener log
INFO: Server version:        Apache Tomcat/7.0.59
May 01, 2015 4:00:55 PM org.apache.catalina.startup.VersionLoggerListener log
INFO: Server built:          Jan 28 2015 15:51:10 UTC
May 01, 2015 4:00:55 PM org.apache.catalina.startup.VersionLoggerListener log
INFO: Server number:         7.0.59.0
May 01, 2015 4:00:55 PM org.apache.catalina.startup.VersionLoggerListener log
INFO: OS Name:               Windows 7
May 01, 2015 4:00:55 PM org.apache.catalina.startup.VersionLoggerListener log
INFO: OS Version:            6.1
May 01, 2015 4:00:55 PM org.apache.catalina.startup.VersionLoggerListener log
INFO: Architecture:          amd64
May 01, 2015 4:00:55 PM org.apache.catalina.startup.VersionLoggerListener log
INFO: Java Home:             C:\Program Files\Java\jre1.8.0_40
May 01, 2015 4:00:55 PM org.apache.catalina.startup.VersionLoggerListener log
INFO: JVM Version:           1.8.0_40-b26
May 01, 2015 4:00:55 PM org.apache.catalina.startup.VersionLoggerListener log
INFO: JVM Vendor:            Oracle Corporation
May 01, 2015 4:00:55 PM org.apache.catalina.startup.VersionLoggerListener log
INFO: CATALINA_BASE:         C:\javaGAE\Tomcat_7.0
May 01, 2015 4:00:55 PM org.apache.catalina.startup.VersionLoggerListener log
INFO: CATALINA_HOME:         C:\javaGAE\Tomcat_7.0
May 01, 2015 4:00:55 PM org.apache.catalina.startup.VersionLoggerListener log
INFO: Command line argument: -Djava.util.logging.config.file=C:\javaGAE\Tomcat_7.0\conf\logging.properties
May 01, 2015 4:00:55 PM org.apache.catalina.startup.VersionLoggerListener log
INFO: Command line argument: -Djava.util.logging.manager=org.apache.juli.ClassLoaderLogManager
May 01, 2015 4:00:55 PM org.apache.catalina.startup.VersionLoggerListener log
INFO: Command line argument: -Djava.endorsed.dirs=C:\javaGAE\Tomcat_7.0\endorsed
May 01, 2015 4:00:55 PM org.apache.catalina.startup.VersionLoggerListener log
INFO: Command line argument: -Dcatalina.base=C:\javaGAE\Tomcat_7.0
May 01, 2015 4:00:55 PM org.apache.catalina.startup.VersionLoggerListener log
INFO: Command line argument: -Dcatalina.home=C:\javaGAE\Tomcat_7.0
May 01, 2015 4:00:55 PM org.apache.catalina.startup.VersionLoggerListener log
INFO: Command line argument: -Djava.io.tmpdir=C:\javaGAE\Tomcat_7.0\temp
May 01, 2015 4:00:55 PM org.apache.catalina.core.AprLifecycleListener lifecycleEvent
INFO: Loaded APR based Apache Tomcat Native library 1.1.32 using APR version 1.5.1.
May 01, 2015 4:00:55 PM org.apache.catalina.core.AprLifecycleListener lifecycleEvent
INFO: APR capabilities: IPv6 [true], sendfile [true], accept filters [false], random [true].
May 01, 2015 4:00:55 PM org.apache.catalina.core.AprLifecycleListener initializeSSL
INFO: OpenSSL successfully initialized (OpenSSL 1.0.1j 15 Oct 2014)
May 01, 2015 4:00:55 PM org.apache.coyote.AbstractProtocol init
INFO: Initializing ProtocolHandler ["http-apr-8080"]
May 01, 2015 4:00:55 PM org.apache.coyote.AbstractProtocol init
INFO: Initializing ProtocolHandler ["ajp-apr-8009"]
May 01, 2015 4:00:55 PM org.apache.catalina.startup.Catalina load
INFO: Initialization processed in 1163 ms
May 01, 2015 4:00:56 PM org.apache.catalina.core.StandardService startInternal
INFO: Starting service Catalina
May 01, 2015 4:00:56 PM org.apache.catalina.core.StandardEngine startInternal
INFO: Starting Servlet Engine: Apache Tomcat/7.0.59
May 01, 2015 4:00:56 PM org.apache.catalina.startup.HostConfig deployWAR
INFO: Deploying web application archive C:\javaGAE\Tomcat_7.0\webapps\waveform.war
May 01, 2015 4:01:00 PM org.apache.catalina.startup.HostConfig deployWAR
INFO: Deployment of web application archive C:\javaGAE\Tomcat_7.0\webapps\waveform.war has finished in 4,212 ms
May 01, 2015 4:01:00 PM org.apache.catalina.startup.HostConfig deployDirectory
INFO: Deploying web application directory C:\javaGAE\Tomcat_7.0\webapps\docs
May 01, 2015 4:01:00 PM org.apache.catalina.startup.HostConfig deployDirectory
INFO: Deployment of web application directory C:\javaGAE\Tomcat_7.0\webapps\docs has finished in 78 ms
May 01, 2015 4:01:00 PM org.apache.catalina.startup.HostConfig deployDirectory
INFO: Deploying web application directory C:\javaGAE\Tomcat_7.0\webapps\examples
May 01, 2015 4:01:00 PM org.apache.catalina.startup.HostConfig deployDirectory
INFO: Deployment of web application directory C:\javaGAE\Tomcat_7.0\webapps\examples has finished in 390 ms
May 01, 2015 4:01:00 PM org.apache.catalina.startup.HostConfig deployDirectory
INFO: Deploying web application directory C:\javaGAE\Tomcat_7.0\webapps\host-manager
May 01, 2015 4:01:00 PM org.apache.catalina.startup.HostConfig deployDirectory
INFO: Deployment of web application directory C:\javaGAE\Tomcat_7.0\webapps\host-manager has finished in 94 ms
May 01, 2015 4:01:00 PM org.apache.catalina.startup.HostConfig deployDirectory
INFO: Deploying web application directory C:\javaGAE\Tomcat_7.0\webapps\manager
May 01, 2015 4:01:00 PM org.apache.catalina.startup.HostConfig deployDirectory
INFO: Deployment of web application directory C:\javaGAE\Tomcat_7.0\webapps\manager has finished in 62 ms
May 01, 2015 4:01:00 PM org.apache.catalina.startup.HostConfig deployDirectory
INFO: Deploying web application directory C:\javaGAE\Tomcat_7.0\webapps\ROOT
May 01, 2015 4:01:00 PM org.apache.catalina.startup.HostConfig deployDirectory
INFO: Deployment of web application directory C:\javaGAE\Tomcat_7.0\webapps\ROOT has finished in 63 ms
May 01, 2015 4:01:00 PM org.apache.coyote.AbstractProtocol start
INFO: Starting ProtocolHandler ["http-apr-8080"]
May 01, 2015 4:01:00 PM org.apache.coyote.AbstractProtocol start
INFO: Starting ProtocolHandler ["ajp-apr-8009"]
May 01, 2015 4:01:00 PM org.apache.catalina.startup.Catalina start
INFO: Server startup in 4978 ms
May 01, 2015 4:02:27 PM org.apache.catalina.core.StandardServer await
INFO: A valid shutdown command was received via the shutdown port. Stopping the Server instance.
May 01, 2015 4:02:27 PM org.apache.coyote.AbstractProtocol pause
INFO: Pausing ProtocolHandler ["http-apr-8080"]
May 01, 2015 4:02:27 PM org.apache.coyote.AbstractProtocol pause
INFO: Pausing ProtocolHandler ["ajp-apr-8009"]
May 01, 2015 4:02:27 PM org.apache.catalina.core.StandardService stopInternal
INFO: Stopping service Catalina
May 01, 2015 4:02:27 PM org.apache.catalina.loader.WebappClassLoader clearReferencesJdbc
SEVERE: The web application [/waveform] registered the JDBC driver [com.mysql.jdbc.Driver] but failed to unregister it when the web application was stopped. To prevent a memory leak, the JDBC Driver has been forcibly unregistered.
May 01, 2015 4:02:27 PM org.apache.catalina.loader.WebappClassLoader clearReferencesThreads
SEVERE: The web application [/waveform] appears to have started a thread named [MySQL Statement Cancellation Timer] but has failed to stop it. This is very likely to create a memory leak.
May 01, 2015 4:02:27 PM org.apache.coyote.AbstractProtocol stop
INFO: Stopping ProtocolHandler ["http-apr-8080"]
May 01, 2015 4:02:27 PM org.apache.coyote.AbstractProtocol stop
INFO: Stopping ProtocolHandler ["ajp-apr-8009"]
May 01, 2015 4:02:28 PM org.apache.coyote.AbstractProtocol destroy
INFO: Destroying ProtocolHandler ["http-apr-8080"]
May 01, 2015 4:02:28 PM org.apache.coyote.AbstractProtocol destroy
INFO: Destroying ProtocolHandler ["ajp-apr-8009"]
May 01, 2015 4:22:36 PM org.apache.catalina.startup.VersionLoggerListener log
INFO: Server version:        Apache Tomcat/7.0.59
May 01, 2015 4:22:36 PM org.apache.catalina.startup.VersionLoggerListener log
INFO: Server built:          Jan 28 2015 15:51:10 UTC
May 01, 2015 4:22:36 PM org.apache.catalina.startup.VersionLoggerListener log
INFO: Server number:         7.0.59.0
May 01, 2015 4:22:36 PM org.apache.catalina.startup.VersionLoggerListener log
INFO: OS Name:               Windows 7
May 01, 2015 4:22:36 PM org.apache.catalina.startup.VersionLoggerListener log
INFO: OS Version:            6.1
May 01, 2015 4:22:36 PM org.apache.catalina.startup.VersionLoggerListener log
INFO: Architecture:          amd64
May 01, 2015 4:22:36 PM org.apache.catalina.startup.VersionLoggerListener log
INFO: Java Home:             C:\Program Files\Java\jre1.8.0_40
May 01, 2015 4:22:36 PM org.apache.catalina.startup.VersionLoggerListener log
INFO: JVM Version:           1.8.0_40-b26
May 01, 2015 4:22:36 PM org.apache.catalina.startup.VersionLoggerListener log
INFO: JVM Vendor:            Oracle Corporation
May 01, 2015 4:22:36 PM org.apache.catalina.startup.VersionLoggerListener log
INFO: CATALINA_BASE:         C:\javaGAE\Tomcat_7.0
May 01, 2015 4:22:36 PM org.apache.catalina.startup.VersionLoggerListener log
INFO: CATALINA_HOME:         C:\javaGAE\Tomcat_7.0
May 01, 2015 4:22:36 PM org.apache.catalina.startup.VersionLoggerListener log
INFO: Command line argument: -Djava.util.logging.config.file=C:\javaGAE\Tomcat_7.0\conf\logging.properties
May 01, 2015 4:22:36 PM org.apache.catalina.startup.VersionLoggerListener log
INFO: Command line argument: -Djava.util.logging.manager=org.apache.juli.ClassLoaderLogManager
May 01, 2015 4:22:36 PM org.apache.catalina.startup.VersionLoggerListener log
INFO: Command line argument: -Djava.endorsed.dirs=C:\javaGAE\Tomcat_7.0\endorsed
May 01, 2015 4:22:36 PM org.apache.catalina.startup.VersionLoggerListener log
INFO: Command line argument: -Dcatalina.base=C:\javaGAE\Tomcat_7.0
May 01, 2015 4:22:36 PM org.apache.catalina.startup.VersionLoggerListener log
INFO: Command line argument: -Dcatalina.home=C:\javaGAE\Tomcat_7.0
May 01, 2015 4:22:36 PM org.apache.catalina.startup.VersionLoggerListener log
INFO: Command line argument: -Djava.io.tmpdir=C:\javaGAE\Tomcat_7.0\temp
May 01, 2015 4:22:36 PM org.apache.catalina.core.AprLifecycleListener lifecycleEvent
INFO: Loaded APR based Apache Tomcat Native library 1.1.32 using APR version 1.5.1.
May 01, 2015 4:22:36 PM org.apache.catalina.core.AprLifecycleListener lifecycleEvent
INFO: APR capabilities: IPv6 [true], sendfile [true], accept filters [false], random [true].
May 01, 2015 4:22:37 PM org.apache.catalina.core.AprLifecycleListener initializeSSL
INFO: OpenSSL successfully initialized (OpenSSL 1.0.1j 15 Oct 2014)
May 01, 2015 4:22:38 PM org.apache.coyote.AbstractProtocol init
INFO: Initializing ProtocolHandler ["http-apr-8080"]
May 01, 2015 4:22:38 PM org.apache.coyote.AbstractProtocol init
INFO: Initializing ProtocolHandler ["ajp-apr-8009"]
May 01, 2015 4:22:38 PM org.apache.catalina.startup.Catalina load
INFO: Initialization processed in 2530 ms
May 01, 2015 4:22:38 PM org.apache.catalina.core.StandardService startInternal
INFO: Starting service Catalina
May 01, 2015 4:22:38 PM org.apache.catalina.core.StandardEngine startInternal
INFO: Starting Servlet Engine: Apache Tomcat/7.0.59
May 01, 2015 4:22:38 PM org.apache.catalina.startup.HostConfig deployWAR
INFO: Deploying web application archive C:\javaGAE\Tomcat_7.0\webapps\waveform.war
May 01, 2015 4:22:43 PM org.apache.catalina.util.SessionIdGeneratorBase createSecureRandom
INFO: Creation of SecureRandom instance for session ID generation using [SHA1PRNG] took [123] milliseconds.
May 01, 2015 4:22:47 PM org.apache.catalina.startup.HostConfig deployWAR
INFO: Deployment of web application archive C:\javaGAE\Tomcat_7.0\webapps\waveform.war has finished in 9,043 ms
May 01, 2015 4:22:47 PM org.apache.catalina.startup.HostConfig deployDirectory
INFO: Deploying web application directory C:\javaGAE\Tomcat_7.0\webapps\docs
May 01, 2015 4:22:47 PM org.apache.catalina.startup.HostConfig deployDirectory
INFO: Deployment of web application directory C:\javaGAE\Tomcat_7.0\webapps\docs has finished in 101 ms
May 01, 2015 4:22:47 PM org.apache.catalina.startup.HostConfig deployDirectory
INFO: Deploying web application directory C:\javaGAE\Tomcat_7.0\webapps\examples
May 01, 2015 4:22:48 PM org.apache.catalina.startup.HostConfig deployDirectory
INFO: Deployment of web application directory C:\javaGAE\Tomcat_7.0\webapps\examples has finished in 592 ms
May 01, 2015 4:22:48 PM org.apache.catalina.startup.HostConfig deployDirectory
INFO: Deploying web application directory C:\javaGAE\Tomcat_7.0\webapps\host-manager
May 01, 2015 4:22:48 PM org.apache.catalina.startup.HostConfig deployDirectory
INFO: Deployment of web application directory C:\javaGAE\Tomcat_7.0\webapps\host-manager has finished in 69 ms
May 01, 2015 4:22:48 PM org.apache.catalina.startup.HostConfig deployDirectory
INFO: Deploying web application directory C:\javaGAE\Tomcat_7.0\webapps\manager
May 01, 2015 4:22:48 PM org.apache.catalina.startup.HostConfig deployDirectory
INFO: Deployment of web application directory C:\javaGAE\Tomcat_7.0\webapps\manager has finished in 50 ms
May 01, 2015 4:22:48 PM org.apache.catalina.startup.HostConfig deployDirectory
INFO: Deploying web application directory C:\javaGAE\Tomcat_7.0\webapps\ROOT
May 01, 2015 4:22:48 PM org.apache.catalina.startup.HostConfig deployDirectory
INFO: Deployment of web application directory C:\javaGAE\Tomcat_7.0\webapps\ROOT has finished in 50 ms
May 01, 2015 4:22:48 PM org.apache.coyote.AbstractProtocol start
INFO: Starting ProtocolHandler ["http-apr-8080"]
May 01, 2015 4:22:48 PM org.apache.coyote.AbstractProtocol start
INFO: Starting ProtocolHandler ["ajp-apr-8009"]
May 01, 2015 4:22:48 PM org.apache.catalina.startup.Catalina start
INFO: Server startup in 10053 ms
May 01, 2015 4:23:11 PM org.apache.catalina.core.StandardServer await
INFO: A valid shutdown command was received via the shutdown port. Stopping the Server instance.
May 01, 2015 4:23:11 PM org.apache.coyote.AbstractProtocol pause
INFO: Pausing ProtocolHandler ["http-apr-8080"]
May 01, 2015 4:23:11 PM org.apache.coyote.AbstractProtocol pause
INFO: Pausing ProtocolHandler ["ajp-apr-8009"]
May 01, 2015 4:23:11 PM org.apache.catalina.core.StandardService stopInternal
INFO: Stopping service Catalina
May 01, 2015 4:23:11 PM org.apache.catalina.loader.WebappClassLoader clearReferencesJdbc
SEVERE: The web application [/waveform] registered the JDBC driver [com.mysql.jdbc.Driver] but failed to unregister it when the web application was stopped. To prevent a memory leak, the JDBC Driver has been forcibly unregistered.
May 01, 2015 4:23:11 PM org.apache.catalina.loader.WebappClassLoader clearReferencesThreads
SEVERE: The web application [/waveform] appears to have started a thread named [MySQL Statement Cancellation Timer] but has failed to stop it. This is very likely to create a memory leak.
May 01, 2015 4:23:11 PM org.apache.coyote.AbstractProtocol stop
INFO: Stopping ProtocolHandler ["http-apr-8080"]
May 01, 2015 4:23:11 PM org.apache.coyote.AbstractProtocol stop
INFO: Stopping ProtocolHandler ["ajp-apr-8009"]
May 01, 2015 4:23:11 PM org.apache.coyote.AbstractProtocol destroy
INFO: Destroying ProtocolHandler ["http-apr-8080"]
May 01, 2015 4:23:11 PM org.apache.coyote.AbstractProtocol destroy
INFO: Destroying ProtocolHandler ["ajp-apr-8009"]
May 01, 2015 4:34:03 PM org.apache.catalina.startup.Catalina stopServer
SEVERE: Could not contact localhost:8005. Tomcat may not be running.
May 01, 2015 4:34:03 PM org.apache.catalina.startup.Catalina stopServer
SEVERE: Catalina.stop: 
java.net.ConnectException: Connection refused: connect
	at java.net.DualStackPlainSocketImpl.connect0(Native Method)
	at java.net.DualStackPlainSocketImpl.socketConnect(Unknown Source)
	at java.net.AbstractPlainSocketImpl.doConnect(Unknown Source)
	at java.net.AbstractPlainSocketImpl.connectToAddress(Unknown Source)
	at java.net.AbstractPlainSocketImpl.connect(Unknown Source)
	at java.net.PlainSocketImpl.connect(Unknown Source)
	at java.net.SocksSocketImpl.connect(Unknown Source)
	at java.net.Socket.connect(Unknown Source)
	at java.net.Socket.connect(Unknown Source)
	at java.net.Socket.<init>(Unknown Source)
	at java.net.Socket.<init>(Unknown Source)
	at org.apache.catalina.startup.Catalina.stopServer(Catalina.java:498)
	at sun.reflect.NativeMethodAccessorImpl.invoke0(Native Method)
	at sun.reflect.NativeMethodAccessorImpl.invoke(Unknown Source)
	at sun.reflect.DelegatingMethodAccessorImpl.invoke(Unknown Source)
	at java.lang.reflect.Method.invoke(Unknown Source)
	at org.apache.catalina.startup.Bootstrap.stopServer(Bootstrap.java:370)
	at org.apache.catalina.startup.Bootstrap.main(Bootstrap.java:457)

May 01, 2015 4:35:53 PM org.apache.catalina.startup.VersionLoggerListener log
INFO: Server version:        Apache Tomcat/7.0.59
May 01, 2015 4:35:53 PM org.apache.catalina.startup.VersionLoggerListener log
INFO: Server built:          Jan 28 2015 15:51:10 UTC
May 01, 2015 4:35:53 PM org.apache.catalina.startup.VersionLoggerListener log
INFO: Server number:         7.0.59.0
May 01, 2015 4:35:53 PM org.apache.catalina.startup.VersionLoggerListener log
INFO: OS Name:               Windows 7
May 01, 2015 4:35:53 PM org.apache.catalina.startup.VersionLoggerListener log
INFO: OS Version:            6.1
May 01, 2015 4:35:53 PM org.apache.catalina.startup.VersionLoggerListener log
INFO: Architecture:          amd64
May 01, 2015 4:35:53 PM org.apache.catalina.startup.VersionLoggerListener log
INFO: Java Home:             C:\Program Files\Java\jre1.8.0_40
May 01, 2015 4:35:53 PM org.apache.catalina.startup.VersionLoggerListener log
INFO: JVM Version:           1.8.0_40-b26
May 01, 2015 4:35:53 PM org.apache.catalina.startup.VersionLoggerListener log
INFO: JVM Vendor:            Oracle Corporation
May 01, 2015 4:35:53 PM org.apache.catalina.startup.VersionLoggerListener log
INFO: CATALINA_BASE:         C:\javaGAE\Tomcat_7.0
May 01, 2015 4:35:53 PM org.apache.catalina.startup.VersionLoggerListener log
INFO: CATALINA_HOME:         C:\javaGAE\Tomcat_7.0
May 01, 2015 4:35:53 PM org.apache.catalina.startup.VersionLoggerListener log
INFO: Command line argument: -Djava.util.logging.config.file=C:\javaGAE\Tomcat_7.0\conf\logging.properties
May 01, 2015 4:35:53 PM org.apache.catalina.startup.VersionLoggerListener log
INFO: Command line argument: -Djava.util.logging.manager=org.apache.juli.ClassLoaderLogManager
May 01, 2015 4:35:53 PM org.apache.catalina.startup.VersionLoggerListener log
INFO: Command line argument: -Djava.endorsed.dirs=C:\javaGAE\Tomcat_7.0\endorsed
May 01, 2015 4:35:53 PM org.apache.catalina.startup.VersionLoggerListener log
INFO: Command line argument: -Dcatalina.base=C:\javaGAE\Tomcat_7.0
May 01, 2015 4:35:53 PM org.apache.catalina.startup.VersionLoggerListener log
INFO: Command line argument: -Dcatalina.home=C:\javaGAE\Tomcat_7.0
May 01, 2015 4:35:53 PM org.apache.catalina.startup.VersionLoggerListener log
INFO: Command line argument: -Djava.io.tmpdir=C:\javaGAE\Tomcat_7.0\temp
May 01, 2015 4:35:53 PM org.apache.catalina.core.AprLifecycleListener lifecycleEvent
INFO: Loaded APR based Apache Tomcat Native library 1.1.32 using APR version 1.5.1.
May 01, 2015 4:35:53 PM org.apache.catalina.core.AprLifecycleListener lifecycleEvent
INFO: APR capabilities: IPv6 [true], sendfile [true], accept filters [false], random [true].
May 01, 2015 4:35:54 PM org.apache.catalina.core.AprLifecycleListener initializeSSL
INFO: OpenSSL successfully initialized (OpenSSL 1.0.1j 15 Oct 2014)
May 01, 2015 4:35:55 PM org.apache.coyote.AbstractProtocol init
INFO: Initializing ProtocolHandler ["http-apr-8080"]
May 01, 2015 4:35:55 PM org.apache.coyote.AbstractProtocol init
INFO: Initializing ProtocolHandler ["ajp-apr-8009"]
May 01, 2015 4:35:55 PM org.apache.catalina.startup.Catalina load
INFO: Initialization processed in 4429 ms
May 01, 2015 4:35:56 PM org.apache.catalina.core.StandardService startInternal
INFO: Starting service Catalina
May 01, 2015 4:35:56 PM org.apache.catalina.core.StandardEngine startInternal
INFO: Starting Servlet Engine: Apache Tomcat/7.0.59
May 01, 2015 4:35:56 PM org.apache.catalina.startup.HostConfig deployWAR
INFO: Deploying web application archive C:\javaGAE\Tomcat_7.0\webapps\waveform.war
May 01, 2015 4:36:05 PM org.apache.catalina.util.SessionIdGeneratorBase createSecureRandom
INFO: Creation of SecureRandom instance for session ID generation using [SHA1PRNG] took [109] milliseconds.
May 01, 2015 4:36:12 PM org.apache.catalina.startup.HostConfig deployWAR
INFO: Deployment of web application archive C:\javaGAE\Tomcat_7.0\webapps\waveform.war has finished in 15,920 ms
May 01, 2015 4:36:12 PM org.apache.catalina.startup.HostConfig deployDirectory
INFO: Deploying web application directory C:\javaGAE\Tomcat_7.0\webapps\docs
May 01, 2015 4:36:12 PM org.apache.catalina.startup.HostConfig deployDirectory
INFO: Deployment of web application directory C:\javaGAE\Tomcat_7.0\webapps\docs has finished in 93 ms
May 01, 2015 4:36:12 PM org.apache.catalina.startup.HostConfig deployDirectory
INFO: Deploying web application directory C:\javaGAE\Tomcat_7.0\webapps\examples
May 01, 2015 4:36:14 PM org.apache.catalina.startup.HostConfig deployDirectory
INFO: Deployment of web application directory C:\javaGAE\Tomcat_7.0\webapps\examples has finished in 1,873 ms
May 01, 2015 4:36:14 PM org.apache.catalina.startup.HostConfig deployDirectory
INFO: Deploying web application directory C:\javaGAE\Tomcat_7.0\webapps\host-manager
May 01, 2015 4:36:14 PM org.apache.catalina.startup.HostConfig deployDirectory
INFO: Deployment of web application directory C:\javaGAE\Tomcat_7.0\webapps\host-manager has finished in 218 ms
May 01, 2015 4:36:14 PM org.apache.catalina.startup.HostConfig deployDirectory
INFO: Deploying web application directory C:\javaGAE\Tomcat_7.0\webapps\manager
May 01, 2015 4:36:14 PM org.apache.catalina.startup.HostConfig deployDirectory
INFO: Deployment of web application directory C:\javaGAE\Tomcat_7.0\webapps\manager has finished in 94 ms
May 01, 2015 4:36:14 PM org.apache.catalina.startup.HostConfig deployDirectory
INFO: Deploying web application directory C:\javaGAE\Tomcat_7.0\webapps\ROOT
May 01, 2015 4:36:14 PM org.apache.catalina.startup.HostConfig deployDirectory
INFO: Deployment of web application directory C:\javaGAE\Tomcat_7.0\webapps\ROOT has finished in 47 ms
May 01, 2015 4:36:14 PM org.apache.coyote.AbstractProtocol start
INFO: Starting ProtocolHandler ["http-apr-8080"]
May 01, 2015 4:36:14 PM org.apache.coyote.AbstractProtocol start
INFO: Starting ProtocolHandler ["ajp-apr-8009"]
May 01, 2015 4:36:14 PM org.apache.catalina.startup.Catalina start
INFO: Server startup in 19162 ms
May 01, 2015 4:42:26 PM org.apache.coyote.AbstractProtocol pause
INFO: Pausing ProtocolHandler ["http-apr-8080"]
May 01, 2015 4:42:26 PM org.apache.coyote.AbstractProtocol pause
INFO: Pausing ProtocolHandler ["ajp-apr-8009"]
May 01, 2015 4:42:26 PM org.apache.catalina.core.StandardService stopInternal
INFO: Stopping service Catalina
May 01, 2015 4:42:26 PM org.apache.catalina.loader.WebappClassLoader clearReferencesJdbc
SEVERE: The web application [/waveform] registered the JDBC driver [com.mysql.jdbc.Driver] but failed to unregister it when the web application was stopped. To prevent a memory leak, the JDBC Driver has been forcibly unregistered.
May 01, 2015 4:42:26 PM org.apache.catalina.loader.WebappClassLoader clearReferencesThreads
SEVERE: The web application [/waveform] appears to have started a thread named [MySQL Statement Cancellation Timer] but has failed to stop it. This is very likely to create a memory leak.
May 01, 2015 4:42:26 PM org.apache.coyote.AbstractProtocol stop
INFO: Stopping ProtocolHandler ["http-apr-8080"]
May 01, 2015 4:42:26 PM org.apache.coyote.AbstractProtocol stop
INFO: Stopping ProtocolHandler ["ajp-apr-8009"]
May 01, 2015 4:42:26 PM org.apache.coyote.AbstractProtocol destroy
INFO: Destroying ProtocolHandler ["http-apr-8080"]
May 01, 2015 4:42:26 PM org.apache.coyote.AbstractProtocol destroy
INFO: Destroying ProtocolHandler ["ajp-apr-8009"]
May 01, 2015 4:44:03 PM org.apache.catalina.startup.VersionLoggerListener log
INFO: Server version:        Apache Tomcat/7.0.59
May 01, 2015 4:44:03 PM org.apache.catalina.startup.VersionLoggerListener log
INFO: Server built:          Jan 28 2015 15:51:10 UTC
May 01, 2015 4:44:03 PM org.apache.catalina.startup.VersionLoggerListener log
INFO: Server number:         7.0.59.0
May 01, 2015 4:44:03 PM org.apache.catalina.startup.VersionLoggerListener log
INFO: OS Name:               Windows 7
May 01, 2015 4:44:03 PM org.apache.catalina.startup.VersionLoggerListener log
INFO: OS Version:            6.1
May 01, 2015 4:44:03 PM org.apache.catalina.startup.VersionLoggerListener log
INFO: Architecture:          amd64
May 01, 2015 4:44:03 PM org.apache.catalina.startup.VersionLoggerListener log
INFO: Java Home:             C:\Program Files\Java\jre1.8.0_40
May 01, 2015 4:44:03 PM org.apache.catalina.startup.VersionLoggerListener log
INFO: JVM Version:           1.8.0_40-b26
May 01, 2015 4:44:03 PM org.apache.catalina.startup.VersionLoggerListener log
INFO: JVM Vendor:            Oracle Corporation
May 01, 2015 4:44:03 PM org.apache.catalina.startup.VersionLoggerListener log
INFO: CATALINA_BASE:         C:\javaGAE\Tomcat_7.0
May 01, 2015 4:44:03 PM org.apache.catalina.startup.VersionLoggerListener log
INFO: CATALINA_HOME:         C:\javaGAE\Tomcat_7.0
May 01, 2015 4:44:03 PM org.apache.catalina.startup.VersionLoggerListener log
INFO: Command line argument: -Djava.util.logging.config.file=C:\javaGAE\Tomcat_7.0\conf\logging.properties
May 01, 2015 4:44:03 PM org.apache.catalina.startup.VersionLoggerListener log
INFO: Command line argument: -Djava.util.logging.manager=org.apache.juli.ClassLoaderLogManager
May 01, 2015 4:44:03 PM org.apache.catalina.startup.VersionLoggerListener log
INFO: Command line argument: -Djava.endorsed.dirs=C:\javaGAE\Tomcat_7.0\endorsed
May 01, 2015 4:44:03 PM org.apache.catalina.startup.VersionLoggerListener log
INFO: Command line argument: -Dcatalina.base=C:\javaGAE\Tomcat_7.0
May 01, 2015 4:44:03 PM org.apache.catalina.startup.VersionLoggerListener log
INFO: Command line argument: -Dcatalina.home=C:\javaGAE\Tomcat_7.0
May 01, 2015 4:44:03 PM org.apache.catalina.startup.VersionLoggerListener log
INFO: Command line argument: -Djava.io.tmpdir=C:\javaGAE\Tomcat_7.0\temp
May 01, 2015 4:44:03 PM org.apache.catalina.core.AprLifecycleListener lifecycleEvent
INFO: Loaded APR based Apache Tomcat Native library 1.1.32 using APR version 1.5.1.
May 01, 2015 4:44:03 PM org.apache.catalina.core.AprLifecycleListener lifecycleEvent
INFO: APR capabilities: IPv6 [true], sendfile [true], accept filters [false], random [true].
May 01, 2015 4:44:04 PM org.apache.catalina.core.AprLifecycleListener initializeSSL
INFO: OpenSSL successfully initialized (OpenSSL 1.0.1j 15 Oct 2014)
May 01, 2015 4:44:05 PM org.apache.coyote.AbstractProtocol init
INFO: Initializing ProtocolHandler ["http-apr-8080"]
May 01, 2015 4:44:05 PM org.apache.coyote.AbstractProtocol init
INFO: Initializing ProtocolHandler ["ajp-apr-8009"]
May 01, 2015 4:44:05 PM org.apache.catalina.startup.Catalina load
INFO: Initialization processed in 4038 ms
May 01, 2015 4:44:05 PM org.apache.catalina.core.StandardService startInternal
INFO: Starting service Catalina
May 01, 2015 4:44:05 PM org.apache.catalina.core.StandardEngine startInternal
INFO: Starting Servlet Engine: Apache Tomcat/7.0.59
May 01, 2015 4:44:06 PM org.apache.catalina.startup.HostConfig deployWAR
INFO: Deploying web application archive C:\javaGAE\Tomcat_7.0\webapps\waveform.war
May 01, 2015 4:44:15 PM org.apache.catalina.util.SessionIdGeneratorBase createSecureRandom
INFO: Creation of SecureRandom instance for session ID generation using [SHA1PRNG] took [109] milliseconds.
May 01, 2015 4:44:23 PM org.apache.catalina.startup.HostConfig deployWAR
INFO: Deployment of web application archive C:\javaGAE\Tomcat_7.0\webapps\waveform.war has finished in 16,785 ms
May 01, 2015 4:44:23 PM org.apache.catalina.startup.HostConfig deployDirectory
INFO: Deploying web application directory C:\javaGAE\Tomcat_7.0\webapps\docs
May 01, 2015 4:44:23 PM org.apache.catalina.startup.HostConfig deployDirectory
INFO: Deployment of web application directory C:\javaGAE\Tomcat_7.0\webapps\docs has finished in 171 ms
May 01, 2015 4:44:23 PM org.apache.catalina.startup.HostConfig deployDirectory
INFO: Deploying web application directory C:\javaGAE\Tomcat_7.0\webapps\examples
May 01, 2015 4:44:24 PM org.apache.catalina.startup.HostConfig deployDirectory
INFO: Deployment of web application directory C:\javaGAE\Tomcat_7.0\webapps\examples has finished in 1,217 ms
May 01, 2015 4:44:24 PM org.apache.catalina.startup.HostConfig deployDirectory
INFO: Deploying web application directory C:\javaGAE\Tomcat_7.0\webapps\host-manager
May 01, 2015 4:44:24 PM org.apache.catalina.startup.HostConfig deployDirectory
INFO: Deployment of web application directory C:\javaGAE\Tomcat_7.0\webapps\host-manager has finished in 78 ms
May 01, 2015 4:44:24 PM org.apache.catalina.startup.HostConfig deployDirectory
INFO: Deploying web application directory C:\javaGAE\Tomcat_7.0\webapps\manager
May 01, 2015 4:44:24 PM org.apache.catalina.startup.HostConfig deployDirectory
INFO: Deployment of web application directory C:\javaGAE\Tomcat_7.0\webapps\manager has finished in 141 ms
May 01, 2015 4:44:24 PM org.apache.catalina.startup.HostConfig deployDirectory
INFO: Deploying web application directory C:\javaGAE\Tomcat_7.0\webapps\ROOT
May 01, 2015 4:44:24 PM org.apache.catalina.startup.HostConfig deployDirectory
INFO: Deployment of web application directory C:\javaGAE\Tomcat_7.0\webapps\ROOT has finished in 46 ms
May 01, 2015 4:44:24 PM org.apache.coyote.AbstractProtocol start
INFO: Starting ProtocolHandler ["http-apr-8080"]
May 01, 2015 4:44:24 PM org.apache.coyote.AbstractProtocol start
INFO: Starting ProtocolHandler ["ajp-apr-8009"]
May 01, 2015 4:44:24 PM org.apache.catalina.startup.Catalina start
INFO: Server startup in 19002 ms
