May 01, 2015 3:51:50 PM org.apache.catalina.core.ApplicationContext log
INFO: No Spring WebApplicationInitializer types detected on classpath
May 01, 2015 3:51:50 PM org.apache.catalina.core.ApplicationContext log
INFO: Initializing Spring FrameworkServlet 'waveform'
May 01, 2015 3:51:53 PM org.apache.catalina.core.ApplicationContext log
INFO: ContextListener: contextInitialized()
May 01, 2015 3:51:53 PM org.apache.catalina.core.ApplicationContext log
INFO: SessionListener: contextInitialized()
May 01, 2015 3:51:53 PM org.apache.catalina.core.ApplicationContext log
INFO: ContextListener: attributeAdded('org.apache.jasper.compiler.TldLocationsCache', 'org.apache.jasper.compiler.TldLocationsCache@681a807f')
May 01, 2015 3:56:33 PM org.apache.catalina.core.ApplicationContext log
INFO: SessionListener: contextDestroyed()
May 01, 2015 3:56:33 PM org.apache.catalina.core.ApplicationContext log
INFO: ContextListener: contextDestroyed()
May 01, 2015 3:56:33 PM org.apache.catalina.core.ApplicationContext log
INFO: Destroying Spring FrameworkServlet 'waveform'
May 01, 2015 4:00:57 PM org.apache.catalina.core.ApplicationContext log
INFO: No Spring WebApplicationInitializer types detected on classpath
May 01, 2015 4:00:57 PM org.apache.catalina.core.ApplicationContext log
INFO: Initializing Spring FrameworkServlet 'waveform'
May 01, 2015 4:01:00 PM org.apache.catalina.core.ApplicationContext log
INFO: ContextListener: contextInitialized()
May 01, 2015 4:01:00 PM org.apache.catalina.core.ApplicationContext log
INFO: SessionListener: contextInitialized()
May 01, 2015 4:01:00 PM org.apache.catalina.core.ApplicationContext log
INFO: ContextListener: attributeAdded('org.apache.jasper.compiler.TldLocationsCache', 'org.apache.jasper.compiler.TldLocationsCache@1722b30e')
May 01, 2015 4:02:27 PM org.apache.catalina.core.ApplicationContext log
INFO: SessionListener: contextDestroyed()
May 01, 2015 4:02:27 PM org.apache.catalina.core.ApplicationContext log
INFO: ContextListener: contextDestroyed()
May 01, 2015 4:02:27 PM org.apache.catalina.core.ApplicationContext log
INFO: Destroying Spring FrameworkServlet 'waveform'
May 01, 2015 4:22:42 PM org.apache.catalina.core.ApplicationContext log
INFO: No Spring WebApplicationInitializer types detected on classpath
May 01, 2015 4:22:43 PM org.apache.catalina.core.ApplicationContext log
INFO: Initializing Spring FrameworkServlet 'waveform'
May 01, 2015 4:22:48 PM org.apache.catalina.core.ApplicationContext log
INFO: ContextListener: contextInitialized()
May 01, 2015 4:22:48 PM org.apache.catalina.core.ApplicationContext log
INFO: SessionListener: contextInitialized()
May 01, 2015 4:22:48 PM org.apache.catalina.core.ApplicationContext log
INFO: ContextListener: attributeAdded('org.apache.jasper.compiler.TldLocationsCache', 'org.apache.jasper.compiler.TldLocationsCache@5dfa842a')
May 01, 2015 4:23:11 PM org.apache.catalina.core.ApplicationContext log
INFO: SessionListener: contextDestroyed()
May 01, 2015 4:23:11 PM org.apache.catalina.core.ApplicationContext log
INFO: ContextListener: contextDestroyed()
May 01, 2015 4:23:11 PM org.apache.catalina.core.ApplicationContext log
INFO: Destroying Spring FrameworkServlet 'waveform'
May 01, 2015 4:36:05 PM org.apache.catalina.core.ApplicationContext log
INFO: No Spring WebApplicationInitializer types detected on classpath
May 01, 2015 4:36:05 PM org.apache.catalina.core.ApplicationContext log
INFO: Initializing Spring FrameworkServlet 'waveform'
May 01, 2015 4:36:14 PM org.apache.catalina.core.ApplicationContext log
INFO: ContextListener: contextInitialized()
May 01, 2015 4:36:14 PM org.apache.catalina.core.ApplicationContext log
INFO: SessionListener: contextInitialized()
May 01, 2015 4:36:14 PM org.apache.catalina.core.ApplicationContext log
INFO: ContextListener: attributeAdded('org.apache.jasper.compiler.TldLocationsCache', 'org.apache.jasper.compiler.TldLocationsCache@415a2f4')
May 01, 2015 4:42:26 PM org.apache.catalina.core.ApplicationContext log
INFO: SessionListener: contextDestroyed()
May 01, 2015 4:42:26 PM org.apache.catalina.core.ApplicationContext log
INFO: ContextListener: contextDestroyed()
May 01, 2015 4:42:26 PM org.apache.catalina.core.ApplicationContext log
INFO: Destroying Spring FrameworkServlet 'waveform'
May 01, 2015 4:44:15 PM org.apache.catalina.core.ApplicationContext log
INFO: No Spring WebApplicationInitializer types detected on classpath
May 01, 2015 4:44:15 PM org.apache.catalina.core.ApplicationContext log
INFO: Initializing Spring FrameworkServlet 'waveform'
May 01, 2015 4:44:24 PM org.apache.catalina.core.ApplicationContext log
INFO: ContextListener: contextInitialized()
May 01, 2015 4:44:24 PM org.apache.catalina.core.ApplicationContext log
INFO: SessionListener: contextInitialized()
May 01, 2015 4:44:24 PM org.apache.catalina.core.ApplicationContext log
INFO: ContextListener: attributeAdded('org.apache.jasper.compiler.TldLocationsCache', 'org.apache.jasper.compiler.TldLocationsCache@49bba55c')
